<?xml version="1.0" encoding="UTF-8"?>
<!-- Generated by org.testng.reporters.JUnitReportReporter -->
<testsuite hostname="LAPTOP-C9PA0U72" failures="0" tests="1" name="Products.CreateProductAndDeleteProductTest" time="22.962" errors="0" timestamp="2024-07-17T22:23:37 IST" skipped="0">
  <testcase classname="Products.CreateProductAndDeleteProductTest" name="createProductAndDeleteProductTest" time="22.962"/>
  <system-out/>
</testsuite> <!-- Products.CreateProductAndDeleteProductTest -->
