<?xml version="1.0" encoding="UTF-8"?>
<!-- Generated by org.testng.reporters.JUnitReportReporter -->
<testsuite hostname="LAPTOP-C9PA0U72" failures="0" tests="1" name="Products.CreateProductAndDeleteProduct" time="17.981" errors="0" timestamp="2024-07-17T21:48:58 IST" skipped="0">
  <testcase classname="Products.CreateProductAndDeleteProduct" name="createProductAndDeleteProduct" time="17.981"/>
  <system-out/>
</testsuite> <!-- Products.CreateProductAndDeleteProduct -->
