<?xml version="1.0" encoding="UTF-8"?>
<!-- Generated by org.testng.reporters.JUnitReportReporter -->
<testsuite hostname="LAPTOP-C9PA0U72" failures="0" tests="1" name="Organizations.CreateOrganizationTest" time="19.425" errors="0" timestamp="2024-07-17T22:17:59 IST" skipped="0">
  <testcase classname="Organizations.CreateOrganizationTest" name="createOrganizationTest" time="19.425"/>
  <system-out/>
</testsuite> <!-- Organizations.CreateOrganizationTest -->
