<?xml version="1.0" encoding="UTF-8"?>
<!-- Generated by org.testng.reporters.JUnitReportReporter -->
<testsuite hostname="LAPTOP-C9PA0U72" failures="0" tests="1" name="Products.CreateProduct" time="13.953" errors="0" timestamp="2024-07-17T21:48:58 IST" skipped="0">
  <testcase classname="Products.CreateProduct" name="createProduct" time="13.953"/>
  <system-out/>
</testsuite> <!-- Products.CreateProduct -->
