<?xml version="1.0" encoding="UTF-8"?>
<!-- Generated by org.testng.reporters.JUnitReportReporter -->
<testsuite hostname="LAPTOP-C9PA0U72" failures="0" tests="1" name="Campaigns.CreateCampaignWithProductTest" time="23.878" errors="0" timestamp="2024-07-17T22:17:59 IST" skipped="0">
  <testcase classname="Campaigns.CreateCampaignWithProductTest" name="createCampaignWithProductTest" time="23.878"/>
  <system-out/>
</testsuite> <!-- Campaigns.CreateCampaignWithProductTest -->
