<?xml version="1.0" encoding="UTF-8"?>
<!-- Generated by org.testng.reporters.JUnitReportReporter -->
<testsuite hostname="LAPTOP-C9PA0U72" failures="0" tests="1" name="Campaigns.CreateCampaignsTest" time="21.879" errors="0" timestamp="2024-07-18T19:45:34 IST" skipped="0">
  <testcase classname="Campaigns.CreateCampaignsTest" name="createCampaignsTest" time="21.879"/>
  <system-out/>
</testsuite> <!-- Campaigns.CreateCampaignsTest -->
